<?xml version="1.0" encoding="UTF-8"?>
<!-- Generated by org.testng.reporters.JUnitReportReporter -->
<testsuite hostname="DESKTOP-K5S59DG" failures="0" tests="1" name="com.it.bd.tests.DashboardTest" time="0.358" errors="0" timestamp="14 Nov 2023 12:57:41 GMT" skipped="0">
  <testcase classname="com.it.bd.tests.DashboardTest" name="adminTest" time="0.358"/>
</testsuite> <!-- com.it.bd.tests.DashboardTest -->
