<?xml version="1.0" encoding="UTF-8"?>
<!-- Generated by org.testng.reporters.JUnitReportReporter -->
<testsuite hostname="DESKTOP-K5S59DG" failures="0" tests="1" name="com.it.bd.tests.LoginTest" time="11.786" errors="0" timestamp="16 Nov 2023 18:44:31 GMT" skipped="0">
  <testcase classname="com.it.bd.tests.LoginTest" name="ioginTest" time="11.786"/>
</testsuite> <!-- com.it.bd.tests.LoginTest -->
